04-Oct-2021 23:09:54.286 INFO [main] org.apache.catalina.startup.VersionLoggerListener.log Server version name:   Apache Tomcat/9.0.53
04-Oct-2021 23:09:54.294 INFO [main] org.apache.catalina.startup.VersionLoggerListener.log Server built:          Sep 6 2021 19:09:00 UTC
04-Oct-2021 23:09:54.294 INFO [main] org.apache.catalina.startup.VersionLoggerListener.log Server version number: 9.0.53.0
04-Oct-2021 23:09:54.295 INFO [main] org.apache.catalina.startup.VersionLoggerListener.log OS Name:               Windows 10
04-Oct-2021 23:09:54.295 INFO [main] org.apache.catalina.startup.VersionLoggerListener.log OS Version:            10.0
04-Oct-2021 23:09:54.295 INFO [main] org.apache.catalina.startup.VersionLoggerListener.log Architecture:          amd64
04-Oct-2021 23:09:54.295 INFO [main] org.apache.catalina.startup.VersionLoggerListener.log Java Home:             C:\Program Files\Java\jdk1.8.0_221\jre
04-Oct-2021 23:09:54.296 INFO [main] org.apache.catalina.startup.VersionLoggerListener.log JVM Version:           1.8.0_221-b11
04-Oct-2021 23:09:54.296 INFO [main] org.apache.catalina.startup.VersionLoggerListener.log JVM Vendor:            Oracle Corporation
04-Oct-2021 23:09:54.296 INFO [main] org.apache.catalina.startup.VersionLoggerListener.log CATALINA_BASE:         C:\Users\butiu\Documents\myProject
04-Oct-2021 23:09:54.296 INFO [main] org.apache.catalina.startup.VersionLoggerListener.log CATALINA_HOME:         C:\Users\butiu\Documents\myProject
04-Oct-2021 23:09:54.302 INFO [main] org.apache.catalina.startup.VersionLoggerListener.log Command line argument: -Djava.util.logging.config.file=C:\Users\butiu\Documents\myProject\conf\logging.properties
04-Oct-2021 23:09:54.302 INFO [main] org.apache.catalina.startup.VersionLoggerListener.log Command line argument: -Djava.util.logging.manager=org.apache.juli.ClassLoaderLogManager
04-Oct-2021 23:09:54.303 INFO [main] org.apache.catalina.startup.VersionLoggerListener.log Command line argument: -Djdk.tls.ephemeralDHKeySize=2048
04-Oct-2021 23:09:54.303 INFO [main] org.apache.catalina.startup.VersionLoggerListener.log Command line argument: -Djava.protocol.handler.pkgs=org.apache.catalina.webresources
04-Oct-2021 23:09:54.303 INFO [main] org.apache.catalina.startup.VersionLoggerListener.log Command line argument: -Dignore.endorsed.dirs=
04-Oct-2021 23:09:54.304 INFO [main] org.apache.catalina.startup.VersionLoggerListener.log Command line argument: -Dcatalina.base=C:\Users\butiu\Documents\myProject
04-Oct-2021 23:09:54.308 INFO [main] org.apache.catalina.startup.VersionLoggerListener.log Command line argument: -Dcatalina.home=C:\Users\butiu\Documents\myProject
04-Oct-2021 23:09:54.308 INFO [main] org.apache.catalina.startup.VersionLoggerListener.log Command line argument: -Djava.io.tmpdir=C:\Users\butiu\Documents\myProject\temp
04-Oct-2021 23:09:54.315 INFO [main] org.apache.catalina.core.AprLifecycleListener.lifecycleEvent The Apache Tomcat Native library which allows using OpenSSL was not found on the java.library.path: [C:\Program Files\Java\jdk1.8.0_221\bin;C:\WINDOWS\Sun\Java\bin;C:\WINDOWS\system32;C:\WINDOWS;C:\Program Files\Git\mingw64\bin;C:\Program Files\Git\usr\bin;C:\Users\butiu\bin;C:\Program Files (x86)\Common Files\Oracle\Java\javapath;C:\Program Files (x86)\Common Files\Intel\Shared Libraries\redist\intel64\compiler;C:\Python39\Scripts\;C:\Python39\;C:\WINDOWS\system32;C:\WINDOWS;C:\WINDOWS\System32\Wbem;C:\WINDOWS\System32\WindowsPowerShell\v1.0\;C:\WINDOWS\System32\OpenSSH\;C:\Program Files\NVIDIA Corporation\NVIDIA NvDLISR;C:\Program Files (x86)\NVIDIA Corporation\PhysX\Common;C:\Program Files\nodejs\;C:\ProgramData\chocolatey\bin;C:\Program Files\MATLAB\R2021a\bin;C:\Program Files\Java\jdk1.8.0_221\bin;C:\Users\butiu\Documents\myProject\bin;C:\Program Files\Git\cmd;C:\Program Files\MySQL\MySQL Shell 8.0\bin\;C:\Users\butiu\AppData\Local\Microsoft\WindowsApps;C:\Users\butiu\AppData\Roaming\npm;D:\\win64;C:\Program Files\JetBrains\IntelliJ IDEA 2021.2\bin;.]
04-Oct-2021 23:09:54.813 INFO [main] org.apache.coyote.AbstractProtocol.init Initializing ProtocolHandler ["http-nio-8080"]
04-Oct-2021 23:09:54.852 INFO [main] org.apache.catalina.startup.Catalina.load Server initialization in [809] milliseconds
04-Oct-2021 23:09:54.890 INFO [main] org.apache.catalina.core.StandardService.startInternal Starting service [Catalina]
04-Oct-2021 23:09:54.890 INFO [main] org.apache.catalina.core.StandardEngine.startInternal Starting Servlet engine: [Apache Tomcat/9.0.53]
04-Oct-2021 23:09:54.902 INFO [main] org.apache.catalina.startup.HostConfig.deployDirectory Deploying web application directory [C:\Users\butiu\Documents\myProject\webapps\docs]
04-Oct-2021 23:09:55.218 INFO [main] org.apache.catalina.startup.HostConfig.deployDirectory Deployment of web application directory [C:\Users\butiu\Documents\myProject\webapps\docs] has finished in [316] ms
04-Oct-2021 23:09:55.224 INFO [main] org.apache.catalina.startup.HostConfig.deployDirectory Deploying web application directory [C:\Users\butiu\Documents\myProject\webapps\examples]
04-Oct-2021 23:09:55.659 INFO [main] org.apache.catalina.startup.HostConfig.deployDirectory Deployment of web application directory [C:\Users\butiu\Documents\myProject\webapps\examples] has finished in [435] ms
04-Oct-2021 23:09:55.660 INFO [main] org.apache.catalina.startup.HostConfig.deployDirectory Deploying web application directory [C:\Users\butiu\Documents\myProject\webapps\host-manager]
04-Oct-2021 23:09:55.702 INFO [main] org.apache.catalina.startup.HostConfig.deployDirectory Deployment of web application directory [C:\Users\butiu\Documents\myProject\webapps\host-manager] has finished in [42] ms
04-Oct-2021 23:09:55.708 INFO [main] org.apache.catalina.startup.HostConfig.deployDirectory Deploying web application directory [C:\Users\butiu\Documents\myProject\webapps\manager]
04-Oct-2021 23:09:55.760 INFO [main] org.apache.catalina.startup.HostConfig.deployDirectory Deployment of web application directory [C:\Users\butiu\Documents\myProject\webapps\manager] has finished in [53] ms
04-Oct-2021 23:09:55.767 INFO [main] org.apache.catalina.startup.HostConfig.deployDirectory Deploying web application directory [C:\Users\butiu\Documents\myProject\webapps\ROOT]
04-Oct-2021 23:09:55.793 INFO [main] org.apache.catalina.startup.HostConfig.deployDirectory Deployment of web application directory [C:\Users\butiu\Documents\myProject\webapps\ROOT] has finished in [26] ms
04-Oct-2021 23:09:55.797 INFO [main] org.apache.coyote.AbstractProtocol.start Starting ProtocolHandler ["http-nio-8080"]
04-Oct-2021 23:09:55.828 INFO [main] org.apache.catalina.startup.Catalina.start Server startup in [972] milliseconds
04-Oct-2021 23:15:25.941 INFO [Catalina-utility-2] org.apache.catalina.startup.HostConfig.deployDirectory Deploying web application directory [C:\Users\butiu\Documents\myProject\webapps\app]
04-Oct-2021 23:15:25.977 INFO [Catalina-utility-2] org.apache.catalina.startup.HostConfig.deployDirectory Deployment of web application directory [C:\Users\butiu\Documents\myProject\webapps\app] has finished in [35] ms
04-Oct-2021 23:32:50.123 INFO [Thread-3] org.apache.coyote.AbstractProtocol.pause Pausing ProtocolHandler ["http-nio-8080"]
04-Oct-2021 23:32:50.167 INFO [Thread-3] org.apache.catalina.core.StandardService.stopInternal Stopping service [Catalina]
04-Oct-2021 23:32:50.195 INFO [Thread-3] org.apache.coyote.AbstractProtocol.stop Stopping ProtocolHandler ["http-nio-8080"]
04-Oct-2021 23:32:50.219 INFO [Thread-3] org.apache.coyote.AbstractProtocol.destroy Destroying ProtocolHandler ["http-nio-8080"]
04-Oct-2021 23:32:55.458 INFO [main] org.apache.catalina.startup.VersionLoggerListener.log Server version name:   Apache Tomcat/9.0.53
04-Oct-2021 23:32:55.460 INFO [main] org.apache.catalina.startup.VersionLoggerListener.log Server built:          Sep 6 2021 19:09:00 UTC
04-Oct-2021 23:32:55.461 INFO [main] org.apache.catalina.startup.VersionLoggerListener.log Server version number: 9.0.53.0
04-Oct-2021 23:32:55.461 INFO [main] org.apache.catalina.startup.VersionLoggerListener.log OS Name:               Windows 10
04-Oct-2021 23:32:55.461 INFO [main] org.apache.catalina.startup.VersionLoggerListener.log OS Version:            10.0
04-Oct-2021 23:32:55.462 INFO [main] org.apache.catalina.startup.VersionLoggerListener.log Architecture:          amd64
04-Oct-2021 23:32:55.462 INFO [main] org.apache.catalina.startup.VersionLoggerListener.log Java Home:             C:\Program Files\Java\jdk1.8.0_221\jre
04-Oct-2021 23:32:55.462 INFO [main] org.apache.catalina.startup.VersionLoggerListener.log JVM Version:           1.8.0_221-b11
04-Oct-2021 23:32:55.462 INFO [main] org.apache.catalina.startup.VersionLoggerListener.log JVM Vendor:            Oracle Corporation
04-Oct-2021 23:32:55.463 INFO [main] org.apache.catalina.startup.VersionLoggerListener.log CATALINA_BASE:         C:\Users\butiu\Documents\myProject
04-Oct-2021 23:32:55.463 INFO [main] org.apache.catalina.startup.VersionLoggerListener.log CATALINA_HOME:         C:\Users\butiu\Documents\myProject
04-Oct-2021 23:32:55.464 INFO [main] org.apache.catalina.startup.VersionLoggerListener.log Command line argument: -Djava.util.logging.config.file=C:\Users\butiu\Documents\myProject\conf\logging.properties
04-Oct-2021 23:32:55.464 INFO [main] org.apache.catalina.startup.VersionLoggerListener.log Command line argument: -Djava.util.logging.manager=org.apache.juli.ClassLoaderLogManager
04-Oct-2021 23:32:55.464 INFO [main] org.apache.catalina.startup.VersionLoggerListener.log Command line argument: -Djdk.tls.ephemeralDHKeySize=2048
04-Oct-2021 23:32:55.464 INFO [main] org.apache.catalina.startup.VersionLoggerListener.log Command line argument: -Djava.protocol.handler.pkgs=org.apache.catalina.webresources
04-Oct-2021 23:32:55.465 INFO [main] org.apache.catalina.startup.VersionLoggerListener.log Command line argument: -Dignore.endorsed.dirs=
04-Oct-2021 23:32:55.465 INFO [main] org.apache.catalina.startup.VersionLoggerListener.log Command line argument: -Dcatalina.base=C:\Users\butiu\Documents\myProject
04-Oct-2021 23:32:55.468 INFO [main] org.apache.catalina.startup.VersionLoggerListener.log Command line argument: -Dcatalina.home=C:\Users\butiu\Documents\myProject
04-Oct-2021 23:32:55.468 INFO [main] org.apache.catalina.startup.VersionLoggerListener.log Command line argument: -Djava.io.tmpdir=C:\Users\butiu\Documents\myProject\temp
04-Oct-2021 23:32:55.473 INFO [main] org.apache.catalina.core.AprLifecycleListener.lifecycleEvent The Apache Tomcat Native library which allows using OpenSSL was not found on the java.library.path: [C:\Program Files\Java\jdk1.8.0_221\bin;C:\WINDOWS\Sun\Java\bin;C:\WINDOWS\system32;C:\WINDOWS;C:\Program Files\Git\mingw64\bin;C:\Program Files\Git\usr\bin;C:\Users\butiu\bin;C:\Program Files (x86)\Common Files\Oracle\Java\javapath;C:\Program Files (x86)\Common Files\Intel\Shared Libraries\redist\intel64\compiler;C:\Python39\Scripts\;C:\Python39\;C:\WINDOWS\system32;C:\WINDOWS;C:\WINDOWS\System32\Wbem;C:\WINDOWS\System32\WindowsPowerShell\v1.0\;C:\WINDOWS\System32\OpenSSH\;C:\Program Files\NVIDIA Corporation\NVIDIA NvDLISR;C:\Program Files (x86)\NVIDIA Corporation\PhysX\Common;C:\Program Files\nodejs\;C:\ProgramData\chocolatey\bin;C:\Program Files\MATLAB\R2021a\bin;C:\Program Files\Java\jdk1.8.0_221\bin;C:\Users\butiu\Documents\myProject\bin;C:\Program Files\Git\cmd;C:\Program Files\MySQL\MySQL Shell 8.0\bin\;C:\Users\butiu\AppData\Local\Microsoft\WindowsApps;C:\Users\butiu\AppData\Roaming\npm;D:\\win64;C:\Program Files\JetBrains\IntelliJ IDEA 2021.2\bin;.]
04-Oct-2021 23:32:55.781 INFO [main] org.apache.coyote.AbstractProtocol.init Initializing ProtocolHandler ["http-nio-8080"]
04-Oct-2021 23:32:55.803 INFO [main] org.apache.catalina.startup.Catalina.load Server initialization in [539] milliseconds
04-Oct-2021 23:32:55.829 INFO [main] org.apache.catalina.core.StandardService.startInternal Starting service [Catalina]
04-Oct-2021 23:32:55.830 INFO [main] org.apache.catalina.core.StandardEngine.startInternal Starting Servlet engine: [Apache Tomcat/9.0.53]
04-Oct-2021 23:32:55.839 INFO [main] org.apache.catalina.startup.HostConfig.deployDirectory Deploying web application directory [C:\Users\butiu\Documents\myProject\webapps\app]
04-Oct-2021 23:32:56.111 INFO [main] org.apache.catalina.startup.HostConfig.deployDirectory Deployment of web application directory [C:\Users\butiu\Documents\myProject\webapps\app] has finished in [272] ms
04-Oct-2021 23:32:56.112 INFO [main] org.apache.catalina.startup.HostConfig.deployDirectory Deploying web application directory [C:\Users\butiu\Documents\myProject\webapps\docs]
04-Oct-2021 23:32:56.134 INFO [main] org.apache.catalina.startup.HostConfig.deployDirectory Deployment of web application directory [C:\Users\butiu\Documents\myProject\webapps\docs] has finished in [22] ms
04-Oct-2021 23:32:56.135 INFO [main] org.apache.catalina.startup.HostConfig.deployDirectory Deploying web application directory [C:\Users\butiu\Documents\myProject\webapps\examples]
04-Oct-2021 23:32:56.435 INFO [main] org.apache.catalina.startup.HostConfig.deployDirectory Deployment of web application directory [C:\Users\butiu\Documents\myProject\webapps\examples] has finished in [300] ms
04-Oct-2021 23:32:56.436 INFO [main] org.apache.catalina.startup.HostConfig.deployDirectory Deploying web application directory [C:\Users\butiu\Documents\myProject\webapps\host-manager]
04-Oct-2021 23:32:56.462 INFO [main] org.apache.catalina.startup.HostConfig.deployDirectory Deployment of web application directory [C:\Users\butiu\Documents\myProject\webapps\host-manager] has finished in [26] ms
04-Oct-2021 23:32:56.463 INFO [main] org.apache.catalina.startup.HostConfig.deployDirectory Deploying web application directory [C:\Users\butiu\Documents\myProject\webapps\manager]
04-Oct-2021 23:32:56.493 INFO [main] org.apache.catalina.startup.HostConfig.deployDirectory Deployment of web application directory [C:\Users\butiu\Documents\myProject\webapps\manager] has finished in [31] ms
04-Oct-2021 23:32:56.494 INFO [main] org.apache.catalina.startup.HostConfig.deployDirectory Deploying web application directory [C:\Users\butiu\Documents\myProject\webapps\ROOT]
04-Oct-2021 23:32:56.523 INFO [main] org.apache.catalina.startup.HostConfig.deployDirectory Deployment of web application directory [C:\Users\butiu\Documents\myProject\webapps\ROOT] has finished in [29] ms
04-Oct-2021 23:32:56.528 INFO [main] org.apache.coyote.AbstractProtocol.start Starting ProtocolHandler ["http-nio-8080"]
04-Oct-2021 23:32:56.541 INFO [main] org.apache.catalina.startup.Catalina.start Server startup in [736] milliseconds
