05-Oct-2021 00:00:42.950 INFO [Thread-3] org.apache.coyote.AbstractProtocol.pause Pausing ProtocolHandler ["http-nio-8080"]
05-Oct-2021 00:00:42.996 INFO [Thread-3] org.apache.catalina.core.StandardService.stopInternal Stopping service [Catalina]
05-Oct-2021 00:00:43.019 INFO [Thread-3] org.apache.coyote.AbstractProtocol.stop Stopping ProtocolHandler ["http-nio-8080"]
05-Oct-2021 00:00:43.045 INFO [Thread-3] org.apache.coyote.AbstractProtocol.destroy Destroying ProtocolHandler ["http-nio-8080"]
05-Oct-2021 00:00:46.779 INFO [main] org.apache.catalina.startup.VersionLoggerListener.log Server version name:   Apache Tomcat/9.0.53
05-Oct-2021 00:00:46.783 INFO [main] org.apache.catalina.startup.VersionLoggerListener.log Server built:          Sep 6 2021 19:09:00 UTC
05-Oct-2021 00:00:46.784 INFO [main] org.apache.catalina.startup.VersionLoggerListener.log Server version number: 9.0.53.0
05-Oct-2021 00:00:46.784 INFO [main] org.apache.catalina.startup.VersionLoggerListener.log OS Name:               Windows 10
05-Oct-2021 00:00:46.784 INFO [main] org.apache.catalina.startup.VersionLoggerListener.log OS Version:            10.0
05-Oct-2021 00:00:46.784 INFO [main] org.apache.catalina.startup.VersionLoggerListener.log Architecture:          amd64
05-Oct-2021 00:00:46.785 INFO [main] org.apache.catalina.startup.VersionLoggerListener.log Java Home:             C:\Program Files\Java\jdk1.8.0_221\jre
05-Oct-2021 00:00:46.785 INFO [main] org.apache.catalina.startup.VersionLoggerListener.log JVM Version:           1.8.0_221-b11
05-Oct-2021 00:00:46.785 INFO [main] org.apache.catalina.startup.VersionLoggerListener.log JVM Vendor:            Oracle Corporation
05-Oct-2021 00:00:46.785 INFO [main] org.apache.catalina.startup.VersionLoggerListener.log CATALINA_BASE:         C:\Users\butiu\Documents\myProject
05-Oct-2021 00:00:46.786 INFO [main] org.apache.catalina.startup.VersionLoggerListener.log CATALINA_HOME:         C:\Users\butiu\Documents\myProject
05-Oct-2021 00:00:46.786 INFO [main] org.apache.catalina.startup.VersionLoggerListener.log Command line argument: -Djava.util.logging.config.file=C:\Users\butiu\Documents\myProject\conf\logging.properties
05-Oct-2021 00:00:46.786 INFO [main] org.apache.catalina.startup.VersionLoggerListener.log Command line argument: -Djava.util.logging.manager=org.apache.juli.ClassLoaderLogManager
05-Oct-2021 00:00:46.787 INFO [main] org.apache.catalina.startup.VersionLoggerListener.log Command line argument: -Djdk.tls.ephemeralDHKeySize=2048
05-Oct-2021 00:00:46.787 INFO [main] org.apache.catalina.startup.VersionLoggerListener.log Command line argument: -Djava.protocol.handler.pkgs=org.apache.catalina.webresources
05-Oct-2021 00:00:46.787 INFO [main] org.apache.catalina.startup.VersionLoggerListener.log Command line argument: -Dignore.endorsed.dirs=
05-Oct-2021 00:00:46.787 INFO [main] org.apache.catalina.startup.VersionLoggerListener.log Command line argument: -Dcatalina.base=C:\Users\butiu\Documents\myProject
05-Oct-2021 00:00:46.790 INFO [main] org.apache.catalina.startup.VersionLoggerListener.log Command line argument: -Dcatalina.home=C:\Users\butiu\Documents\myProject
05-Oct-2021 00:00:46.790 INFO [main] org.apache.catalina.startup.VersionLoggerListener.log Command line argument: -Djava.io.tmpdir=C:\Users\butiu\Documents\myProject\temp
05-Oct-2021 00:00:46.795 INFO [main] org.apache.catalina.core.AprLifecycleListener.lifecycleEvent The Apache Tomcat Native library which allows using OpenSSL was not found on the java.library.path: [C:\Program Files\Java\jdk1.8.0_221\bin;C:\WINDOWS\Sun\Java\bin;C:\WINDOWS\system32;C:\WINDOWS;C:\Program Files\Git\mingw64\bin;C:\Program Files\Git\usr\bin;C:\Users\butiu\bin;C:\Program Files (x86)\Common Files\Oracle\Java\javapath;C:\Program Files (x86)\Common Files\Intel\Shared Libraries\redist\intel64\compiler;C:\Python39\Scripts\;C:\Python39\;C:\WINDOWS\system32;C:\WINDOWS;C:\WINDOWS\System32\Wbem;C:\WINDOWS\System32\WindowsPowerShell\v1.0\;C:\WINDOWS\System32\OpenSSH\;C:\Program Files\NVIDIA Corporation\NVIDIA NvDLISR;C:\Program Files (x86)\NVIDIA Corporation\PhysX\Common;C:\Program Files\nodejs\;C:\ProgramData\chocolatey\bin;C:\Program Files\MATLAB\R2021a\bin;C:\Program Files\Java\jdk1.8.0_221\bin;C:\Users\butiu\Documents\myProject\bin;C:\Program Files\Git\cmd;C:\Program Files\MySQL\MySQL Shell 8.0\bin\;C:\Users\butiu\AppData\Local\Microsoft\WindowsApps;C:\Users\butiu\AppData\Roaming\npm;D:\\win64;C:\Program Files\JetBrains\IntelliJ IDEA 2021.2\bin;.]
05-Oct-2021 00:00:47.094 INFO [main] org.apache.coyote.AbstractProtocol.init Initializing ProtocolHandler ["http-nio-8080"]
05-Oct-2021 00:00:47.116 INFO [main] org.apache.catalina.startup.Catalina.load Server initialization in [518] milliseconds
05-Oct-2021 00:00:47.140 INFO [main] org.apache.catalina.core.StandardService.startInternal Starting service [Catalina]
05-Oct-2021 00:00:47.144 INFO [main] org.apache.catalina.core.StandardEngine.startInternal Starting Servlet engine: [Apache Tomcat/9.0.53]
05-Oct-2021 00:00:47.156 INFO [main] org.apache.catalina.startup.HostConfig.deployDirectory Deploying web application directory [C:\Users\butiu\Documents\myProject\webapps\app]
05-Oct-2021 00:00:47.675 INFO [main] org.apache.jasper.servlet.TldScanner.scanJars At least one JAR was scanned for TLDs yet contained no TLDs. Enable debug logging for this logger for a complete list of JARs that were scanned but no TLDs were found in them. Skipping unneeded JARs during scanning can improve startup time and JSP compilation time.
05-Oct-2021 00:00:47.769 INFO [main] org.apache.catalina.startup.HostConfig.deployDirectory Deployment of web application directory [C:\Users\butiu\Documents\myProject\webapps\app] has finished in [614] ms
05-Oct-2021 00:00:47.770 INFO [main] org.apache.catalina.startup.HostConfig.deployDirectory Deploying web application directory [C:\Users\butiu\Documents\myProject\webapps\docs]
05-Oct-2021 00:00:48.045 INFO [main] org.apache.jasper.servlet.TldScanner.scanJars At least one JAR was scanned for TLDs yet contained no TLDs. Enable debug logging for this logger for a complete list of JARs that were scanned but no TLDs were found in them. Skipping unneeded JARs during scanning can improve startup time and JSP compilation time.
05-Oct-2021 00:00:48.048 INFO [main] org.apache.catalina.startup.HostConfig.deployDirectory Deployment of web application directory [C:\Users\butiu\Documents\myProject\webapps\docs] has finished in [277] ms
05-Oct-2021 00:00:48.048 INFO [main] org.apache.catalina.startup.HostConfig.deployDirectory Deploying web application directory [C:\Users\butiu\Documents\myProject\webapps\examples]
05-Oct-2021 00:00:48.476 INFO [main] org.apache.jasper.servlet.TldScanner.scanJars At least one JAR was scanned for TLDs yet contained no TLDs. Enable debug logging for this logger for a complete list of JARs that were scanned but no TLDs were found in them. Skipping unneeded JARs during scanning can improve startup time and JSP compilation time.
05-Oct-2021 00:00:48.530 INFO [main] org.apache.catalina.startup.HostConfig.deployDirectory Deployment of web application directory [C:\Users\butiu\Documents\myProject\webapps\examples] has finished in [482] ms
05-Oct-2021 00:00:48.531 INFO [main] org.apache.catalina.startup.HostConfig.deployDirectory Deploying web application directory [C:\Users\butiu\Documents\myProject\webapps\host-manager]
05-Oct-2021 00:00:48.837 INFO [main] org.apache.jasper.servlet.TldScanner.scanJars At least one JAR was scanned for TLDs yet contained no TLDs. Enable debug logging for this logger for a complete list of JARs that were scanned but no TLDs were found in them. Skipping unneeded JARs during scanning can improve startup time and JSP compilation time.
05-Oct-2021 00:00:48.841 INFO [main] org.apache.catalina.startup.HostConfig.deployDirectory Deployment of web application directory [C:\Users\butiu\Documents\myProject\webapps\host-manager] has finished in [310] ms
05-Oct-2021 00:00:48.842 INFO [main] org.apache.catalina.startup.HostConfig.deployDirectory Deploying web application directory [C:\Users\butiu\Documents\myProject\webapps\manager]
05-Oct-2021 00:00:49.074 INFO [main] org.apache.jasper.servlet.TldScanner.scanJars At least one JAR was scanned for TLDs yet contained no TLDs. Enable debug logging for this logger for a complete list of JARs that were scanned but no TLDs were found in them. Skipping unneeded JARs during scanning can improve startup time and JSP compilation time.
05-Oct-2021 00:00:49.077 INFO [main] org.apache.catalina.startup.HostConfig.deployDirectory Deployment of web application directory [C:\Users\butiu\Documents\myProject\webapps\manager] has finished in [235] ms
05-Oct-2021 00:00:49.077 INFO [main] org.apache.catalina.startup.HostConfig.deployDirectory Deploying web application directory [C:\Users\butiu\Documents\myProject\webapps\ROOT]
05-Oct-2021 00:00:49.289 INFO [main] org.apache.jasper.servlet.TldScanner.scanJars At least one JAR was scanned for TLDs yet contained no TLDs. Enable debug logging for this logger for a complete list of JARs that were scanned but no TLDs were found in them. Skipping unneeded JARs during scanning can improve startup time and JSP compilation time.
05-Oct-2021 00:00:49.299 INFO [main] org.apache.catalina.startup.HostConfig.deployDirectory Deployment of web application directory [C:\Users\butiu\Documents\myProject\webapps\ROOT] has finished in [222] ms
05-Oct-2021 00:00:49.306 INFO [main] org.apache.coyote.AbstractProtocol.start Starting ProtocolHandler ["http-nio-8080"]
05-Oct-2021 00:00:49.325 INFO [main] org.apache.catalina.startup.Catalina.start Server startup in [2205] milliseconds
